nohup: 忽略输入
1503798
3032524
23520
5029542
29454
36001
55029
39287
31164
34419
25368
32392
31332
27868
25229
93511
24386
56571
28033
27532
24377
24416
56944
76516
29639
90580
29666
56944
76516
90580
29666
29639
90580
29666
29639
26946
30428
41149
75876
57649
163157
2496633
30026
61675
29731
60715
44155
164276
30160
29385
39240
126125
41708
99794
91254
60145
114101
69357
61298
28007
45487
115249
80688
87484
39410
41449
125472
76900
69246
61865
51630
58369
108138
137144
116738
29406
29676
127305
61110
86840
31577
25627
28605
60335
89391
39143
103382
59371
137739
62822
128564
44992
78123
30057
41116
24648
32453
45150
44486
57717
32176
78433
81955
24364
44396
57974
31837
55515
70216
69472
26382
75415
40709
29853
87042
40846
26415
114472
36259
29852
49254
48687
25527
110559
38342
29686
45419
26309
29774
57025
60199
86480
34288
112734
72560
35004
37920
72605
53179
66886
107787
26809
56082
32855
76240
74881
98132
55156
69275
98163
27109
65713
39045
40746
3447555
5513368
4859698
4696571
5756803
1024336
5055132
4719643
5777033
5778946
6061184
5777058
1146813
2601904
5593407
6730458
5512731
181681
32232
43890
88806
42906
70216
128694
71738
31837
55515
69472
75415
40709
29853
26382
87042
26415
40846
114472
36259
29852
49254
48687
25527
29686
110559
38342
26309
45419
57025
60199
86480
29774
34288
72560
35004
37920
72605
112734
53179
66886
107787
26809
56082
32855
76240
74881
98132
55156
69275
65713
98163
39045
27109
40746
26249
72774
163600
26249
26249
26249
163600
163600
38402
38402
28508
24333
24632
24507
37037
89362
89360
21446
15758
88705
14552
1280006
24529
94595
107081
63102
44423
25068
59772
10471
10406
36567
10475
10433
47917
10456
53368
44554
45665
66053
28508
24333
24632
24507
12724
13426
767279
50140
10546
1054330
50138
68701
13450
64211
68395
165687
68014
53603
31321
21684
68489
10519
21517
13424
162674
69364
2873538
13410
25817
24615
70062
80185
34411
55528
52751
163590
55626
67948
59728
165170
165426
2066939
1608789
1544078
37675
79001
58312
60385
67948
59728
57389
25924
57389
25924
671827
3447719
5950799
5515636
5037219
318246
163565
18180
14471
14575
14950
14510
14496
14496
14471
14575
14510
18180
14950
14496
4238934
5029591
3447719
163565
4696537
4920196
3865607
5950799
5515636
5037219
49899
3989831
2257313
89189
27754
88196
56741
73972
59705
86934
73018
45232
73389
49899
77345
77345
77345
171497
709109
3000505
97845
84791
1767548
81127
4251477
1066580
51312
14438
84794
53260
31768
162019
57322
68197
30879
68989
62441
76552
87305
115319
74830
116916
11885
38517
65745
35233
69119
52210
80363
4343825
44083
36884
134342
48860
66286
171497
220756
47931
56076
57422
30973
64533
154899
55488
54030
94426
41990
57838
43700
2526839
10267
88771
10267
88771
88771
10267
10267
24333
57389
89360
89362
15758
21446
88705
1280006
14552
24529
94595
107081
63102
59772
25068
44423
10433
36567
10475
10471
10406
47917
45665
66053
53368
44554
24507
10456
24632
28508
25924
24333
57389
2257313
2257313
3000505
1066580
1767548
163590
163590
5758791
5751136
4381513
5153848
318246
671827
318246
5029542
1503798
2179045
2179045
1054330
1054330
28007
91254
60145
80688
45487
115249
87484
125472
76900
69246
39410
41449
51630
61865
58369
108138
116738
127305
61110
137144
29406
29676
86840
38402
31577
25627
28605
60335
32392
31332
103382
89391
25368
39143
34419
128564
44992
78123
30057
59371
137739
59728
93511
62822
41116
55626
27868
25229
24648
67948
45150
44486
32453
57717
32176
52751
24377
78433
28033
27532
81955
56571
24364
24386
44396
24416
57974
1387524
2107197
2107197
2107197
4704870
1387524
1086928
1086928
1086928
140600
1084000
1086919
1085739
1086960
140600
1084000
1084000
1085739
1084000
140600
1086919
1086960
140600
4546428
2355438
4546428
2355438
74975
1083539
74975
74975
74975
1083539